[debug] [2023-05-10T12:14:33.055Z] ----------------------------------------------------------------------
[debug] [2023-05-10T12:14:33.058Z] Command:       C:\Program Files\nodejs\node.exe C:\Users\gabri\AppData\Roaming\npm\node_modules\firebase-tools\lib\bin\firebase.js init
[debug] [2023-05-10T12:14:33.059Z] CLI Version:   12.0.0
[debug] [2023-05-10T12:14:33.059Z] Platform:      win32
[debug] [2023-05-10T12:14:33.059Z] Node Version:  v16.14.2
[debug] [2023-05-10T12:14:33.061Z] Time:          Wed May 10 2023 09:14:33 GMT-0300 (Horário Padrão de Brasília)
[debug] [2023-05-10T12:14:33.062Z] ----------------------------------------------------------------------
[debug] 
[debug] [2023-05-10T12:14:33.077Z] > command requires scopes: ["email","openid","https://www.googleapis.com/auth/cloudplatformprojects.readonly","https://www.googleapis.com/auth/firebase","https://www.googleapis.com/auth/cloud-platform"]
[debug] [2023-05-10T12:14:33.078Z] > authorizing via signed-in user (gabrielpelincel@gmail.com)
[info] 
     ######## #### ########  ######## ########     ###     ######  ########
     ##        ##  ##     ## ##       ##     ##  ##   ##  ##       ##
     ######    ##  ########  ######   ########  #########  ######  ######
     ##        ##  ##    ##  ##       ##     ## ##     ##       ## ##
     ##       #### ##     ## ######## ########  ##     ##  ######  ########

You're about to initialize a Firebase project in this directory:

  C:\Users\gabri\OneDrive - Etec Centro Paula Souza\Facens\UPX\aqua-check

[info] 
=== Project Setup
[info] 
[info] First, let's associate this project directory with a Firebase project.
[info] You can create multiple project aliases by running firebase use --add, 
[info] but for now we'll just set up a default project.
[info] 
[debug] [2023-05-10T12:15:44.771Z] >>> [apiv2][query] GET https://firebase.googleapis.com/v1beta1/projects pageSize=100
[debug] [2023-05-10T12:15:45.571Z] <<< [apiv2][status] GET https://firebase.googleapis.com/v1beta1/projects 200
[debug] [2023-05-10T12:15:45.571Z] <<< [apiv2][body] GET https://firebase.googleapis.com/v1beta1/projects [omitted]
[info] i  Using project aquacheck-4fd1f (AquaCheck) 
[info] 
=== Database Setup
[info] i  database: ensuring required API firebasedatabase.googleapis.com is enabled... 
[debug] [2023-05-10T12:15:51.188Z] >>> [apiv2][query] GET https://serviceusage.googleapis.com/v1/projects/aquacheck-4fd1f/services/firebasedatabase.googleapis.com [none]
[debug] [2023-05-10T12:15:51.189Z] >>> [apiv2][(partial)header] GET https://serviceusage.googleapis.com/v1/projects/aquacheck-4fd1f/services/firebasedatabase.googleapis.com x-goog-quota-user=projects/aquacheck-4fd1f
[debug] [2023-05-10T12:15:52.344Z] <<< [apiv2][status] GET https://serviceusage.googleapis.com/v1/projects/aquacheck-4fd1f/services/firebasedatabase.googleapis.com 200
[debug] [2023-05-10T12:15:52.345Z] <<< [apiv2][body] GET https://serviceusage.googleapis.com/v1/projects/aquacheck-4fd1f/services/firebasedatabase.googleapis.com [omitted]
[warn] !  database: missing required API firebasedatabase.googleapis.com. Enabling now... 
[debug] [2023-05-10T12:15:52.347Z] >>> [apiv2][query] POST https://serviceusage.googleapis.com/v1/projects/aquacheck-4fd1f/services/firebasedatabase.googleapis.com:enable [none]
[debug] [2023-05-10T12:15:52.347Z] >>> [apiv2][(partial)header] POST https://serviceusage.googleapis.com/v1/projects/aquacheck-4fd1f/services/firebasedatabase.googleapis.com:enable x-goog-quota-user=projects/aquacheck-4fd1f
[debug] [2023-05-10T12:15:53.917Z] <<< [apiv2][status] POST https://serviceusage.googleapis.com/v1/projects/aquacheck-4fd1f/services/firebasedatabase.googleapis.com:enable 200
[debug] [2023-05-10T12:15:53.918Z] <<< [apiv2][body] POST https://serviceusage.googleapis.com/v1/projects/aquacheck-4fd1f/services/firebasedatabase.googleapis.com:enable [omitted]
[debug] [2023-05-10T12:16:03.926Z] >>> [apiv2][query] GET https://serviceusage.googleapis.com/v1/projects/aquacheck-4fd1f/services/firebasedatabase.googleapis.com [none]
[debug] [2023-05-10T12:16:03.926Z] >>> [apiv2][(partial)header] GET https://serviceusage.googleapis.com/v1/projects/aquacheck-4fd1f/services/firebasedatabase.googleapis.com x-goog-quota-user=projects/aquacheck-4fd1f
[debug] [2023-05-10T12:16:05.020Z] <<< [apiv2][status] GET https://serviceusage.googleapis.com/v1/projects/aquacheck-4fd1f/services/firebasedatabase.googleapis.com 200
[debug] [2023-05-10T12:16:05.020Z] <<< [apiv2][body] GET https://serviceusage.googleapis.com/v1/projects/aquacheck-4fd1f/services/firebasedatabase.googleapis.com [omitted]
[info] +  database: required API firebasedatabase.googleapis.com is enabled 
[info] 
[debug] [2023-05-10T12:16:05.034Z] >>> [apiv2][query] GET https://firebase.googleapis.com/v1beta1/projects/aquacheck-4fd1f [none]
[debug] [2023-05-10T12:16:05.456Z] <<< [apiv2][status] GET https://firebase.googleapis.com/v1beta1/projects/aquacheck-4fd1f 200
[debug] [2023-05-10T12:16:05.456Z] <<< [apiv2][body] GET https://firebase.googleapis.com/v1beta1/projects/aquacheck-4fd1f {"projectId":"aquacheck-4fd1f","projectNumber":"734992815468","displayName":"AquaCheck","name":"projects/aquacheck-4fd1f","resources":{"hostingSite":"aquacheck-4fd1f"},"state":"ACTIVE","etag":"1_15b61501-7f8b-49fa-bc77-e60cb33236c8"}
[debug] [2023-05-10T12:16:13.335Z] >>> [apiv2][query] POST https://firebasedatabase.googleapis.com/v1beta/projects/aquacheck-4fd1f/locations/us-central1/instances databaseId=aquacheck-4fd1f-default-rtdb&validateOnly=true
[debug] [2023-05-10T12:16:13.335Z] >>> [apiv2][body] POST https://firebasedatabase.googleapis.com/v1beta/projects/aquacheck-4fd1f/locations/us-central1/instances {"type":"default_database"}
[debug] [2023-05-10T12:16:14.266Z] <<< [apiv2][status] POST https://firebasedatabase.googleapis.com/v1beta/projects/aquacheck-4fd1f/locations/us-central1/instances 200
[debug] [2023-05-10T12:16:14.266Z] <<< [apiv2][body] POST https://firebasedatabase.googleapis.com/v1beta/projects/aquacheck-4fd1f/locations/us-central1/instances {"name":"projects/734992815468/locations/us-central1/instances/aquacheck-4fd1f-default-rtdb","project":"projects/734992815468","databaseUrl":"https://aquacheck-4fd1f-default-rtdb.firebaseio.com","type":"DEFAULT_DATABASE","state":"ACTIVE"}
[debug] [2023-05-10T12:16:14.268Z] >>> [apiv2][query] POST https://firebasedatabase.googleapis.com/v1beta/projects/aquacheck-4fd1f/locations/us-central1/instances databaseId=aquacheck-4fd1f-default-rtdb
[debug] [2023-05-10T12:16:14.268Z] >>> [apiv2][body] POST https://firebasedatabase.googleapis.com/v1beta/projects/aquacheck-4fd1f/locations/us-central1/instances {"type":"default_database"}
[debug] [2023-05-10T12:16:15.331Z] <<< [apiv2][status] POST https://firebasedatabase.googleapis.com/v1beta/projects/aquacheck-4fd1f/locations/us-central1/instances 200
[debug] [2023-05-10T12:16:15.331Z] <<< [apiv2][body] POST https://firebasedatabase.googleapis.com/v1beta/projects/aquacheck-4fd1f/locations/us-central1/instances {"name":"projects/734992815468/locations/us-central1/instances/aquacheck-4fd1f-default-rtdb","project":"projects/734992815468","databaseUrl":"https://aquacheck-4fd1f-default-rtdb.firebaseio.com","type":"DEFAULT_DATABASE","state":"ACTIVE"}
[info] 
[info] Firebase Realtime Database Security Rules allow you to define how your data should be
[info] structured and when your data can be read from and written to.
[info] 
